开始项目javacert0602的记录：
cn.net.cobot.cobot_java_checker.rule.cobot_02_05.Cobot_02_05_06 cost :0s
cn.net.cobot.cobot_java_checker.rule.cobot_02_05.Cobot_02_05_06 mem :0M
cn.net.cobot.cobot_java_checker.rule.cobot_02_15.Cobot_02_15_04 cost :0s
cn.net.cobot.cobot_java_checker.rule.cobot_02_15.Cobot_02_15_04 mem :0M
cn.net.cobot.cobot_java_checker.rule.cobot_02_07.Cobot_02_07_02 cost :0s
cn.net.cobot.cobot_java_checker.rule.cobot_02_07.Cobot_02_07_02 mem :0M
cn.net.cobot.cobot_java_checker.rule.cobot_02_13.Cobot_02_13_16 cost :0s
cn.net.cobot.cobot_java_checker.rule.cobot_02_13.Cobot_02_13_16 mem :0M
cn.net.cobot.cobot_java_checker.rule.cobot_02_00.Cobot_02_00_04 cost :0s
cn.net.cobot.cobot_java_checker.rule.cobot_02_00.Cobot_02_00_04 mem :0M
cn.net.cobot.cobot_java_checker.rule.cobot_02_14.Cobot_02_14_10 cost :0s
cn.net.cobot.cobot_java_checker.rule.cobot_02_14.Cobot_02_14_10 mem :0M
cn.net.cobot.cobot_java_checker.rule.cobot_02_05.Cobot_02_05_04 cost :0s
cn.net.cobot.cobot_java_checker.rule.cobot_02_05.Cobot_02_05_04 mem :0M
cn.net.cobot.cobot_java_checker.rule.cobot_02_14.Cobot_02_14_04 cost :0s
cn.net.cobot.cobot_java_checker.rule.cobot_02_14.Cobot_02_14_04 mem :0M
cn.net.cobot.cobot_java_checker.rule.cobot_02_15.Cobot_02_15_05 cost :0s
cn.net.cobot.cobot_java_checker.rule.cobot_02_15.Cobot_02_15_05 mem :0M
cn.net.cobot.cobot_java_checker.rule.cobot_02_03.Cobot_02_03_07 cost :0s
cn.net.cobot.cobot_java_checker.rule.cobot_02_03.Cobot_02_03_07 mem :0M
cn.net.cobot.cobot_java_checker.rule.cobot_02_03.Cobot_02_03_10 cost :0s
cn.net.cobot.cobot_java_checker.rule.cobot_02_03.Cobot_02_03_10 mem :0M
cn.net.cobot.cobot_java_checker.rule.cobot_02_13.Cobot_02_13_09 cost :0s
cn.net.cobot.cobot_java_checker.rule.cobot_02_13.Cobot_02_13_09 mem :0M
cn.net.cobot.cobot_java_checker.rule.cobot_02_13.Cobot_02_13_12 cost :0s
cn.net.cobot.cobot_java_checker.rule.cobot_02_13.Cobot_02_13_12 mem :0M
cn.net.cobot.cobot_java_checker.rule.cobot_02_09.Cobot_02_09_03 cost :0s
cn.net.cobot.cobot_java_checker.rule.cobot_02_09.Cobot_02_09_03 mem :0M
cn.net.cobot.cobot_java_checker.rule.cobot_02_10.Cobot_02_10_00 cost :0s
cn.net.cobot.cobot_java_checker.rule.cobot_02_10.Cobot_02_10_00 mem :0M
cn.net.cobot.cobot_java_checker.rule.cobot_02_16.Cobot_02_16_02 cost :0s
cn.net.cobot.cobot_java_checker.rule.cobot_02_16.Cobot_02_16_02 mem :0M
cn.net.cobot.cobot_java_checker.rule.cobot_02_14.Cobot_02_14_01 cost :0s
cn.net.cobot.cobot_java_checker.rule.cobot_02_14.Cobot_02_14_01 mem :0M
cn.net.cobot.cobot_java_checker.rule.cobot_02_02.Cobot_02_02_03 cost :0s
cn.net.cobot.cobot_java_checker.rule.cobot_02_02.Cobot_02_02_03 mem :0M
cn.net.cobot.cobot_java_checker.rule.cobot_08_00.Cobot_08_00_03 cost :0s
cn.net.cobot.cobot_java_checker.rule.cobot_08_00.Cobot_08_00_03 mem :0M
cn.net.cobot.cobot_java_checker.rule.cobot_02_00.Cobot_02_00_06 cost :0s
cn.net.cobot.cobot_java_checker.rule.cobot_02_00.Cobot_02_00_06 mem :0M
cn.net.cobot.cobot_java_checker.rule.cobot_02_01.Cobot_02_01_02 cost :0s
cn.net.cobot.cobot_java_checker.rule.cobot_02_01.Cobot_02_01_02 mem :0M
cn.net.cobot.cobot_java_checker.rule.cobot_02_11.Cobot_02_11_02 cost :0s
cn.net.cobot.cobot_java_checker.rule.cobot_02_11.Cobot_02_11_02 mem :0M
cn.net.cobot.cobot_java_checker.rule.cobot_02_07.Cobot_02_07_01 cost :0s
cn.net.cobot.cobot_java_checker.rule.cobot_02_07.Cobot_02_07_01 mem :0M
cn.net.cobot.cobot_java_checker.rule.cobot_02_09.Cobot_02_09_05 cost :0s
cn.net.cobot.cobot_java_checker.rule.cobot_02_09.Cobot_02_09_05 mem :0M
cn.net.cobot.cobot_java_checker.rule.cobot_08_00.Cobot_08_00_04 cost :0s
cn.net.cobot.cobot_java_checker.rule.cobot_08_00.Cobot_08_00_04 mem :0M
cn.net.cobot.cobot_java_checker.rule.cobot_02_13.Cobot_02_13_02 cost :0s
cn.net.cobot.cobot_java_checker.rule.cobot_02_13.Cobot_02_13_02 mem :0M
cn.net.cobot.cobot_java_checker.rule.cobot_02_13.Cobot_02_13_13 cost :0s
cn.net.cobot.cobot_java_checker.rule.cobot_02_13.Cobot_02_13_13 mem :0M
cn.net.cobot.cobot_java_checker.rule.cobot_02_04.Cobot_02_04_00 cost :0s
cn.net.cobot.cobot_java_checker.rule.cobot_02_04.Cobot_02_04_00 mem :0M
cn.net.cobot.cobot_java_checker.rule.cobot_02_09.Cobot_02_09_10 cost :0s
cn.net.cobot.cobot_java_checker.rule.cobot_02_09.Cobot_02_09_10 mem :0M
cn.net.cobot.cobot_java_checker.rule.cobot_02_14.Cobot_02_14_07 cost :0s
cn.net.cobot.cobot_java_checker.rule.cobot_02_14.Cobot_02_14_07 mem :0M
cn.net.cobot.cobot_java_checker.rule.cobot_02_07.Cobot_02_07_04 cost :0s
cn.net.cobot.cobot_java_checker.rule.cobot_02_07.Cobot_02_07_04 mem :0M
cn.net.cobot.cobot_java_checker.rule.cobot_02_14.Cobot_02_14_05 cost :0s
cn.net.cobot.cobot_java_checker.rule.cobot_02_14.Cobot_02_14_05 mem :0M
cn.net.cobot.cobot_java_checker.rule.cobot_02_16.Cobot_02_16_01 cost :0s
cn.net.cobot.cobot_java_checker.rule.cobot_02_16.Cobot_02_16_01 mem :0M
cn.net.cobot.cobot_java_checker.rule.cobot_02_06.Cobot_02_06_11 cost :0s
cn.net.cobot.cobot_java_checker.rule.cobot_02_06.Cobot_02_06_11 mem :0M
cn.net.cobot.cobot_java_checker.rule.cobot_02_09.Cobot_02_09_07 cost :0s
cn.net.cobot.cobot_java_checker.rule.cobot_02_09.Cobot_02_09_07 mem :0M
cn.net.cobot.cobot_java_checker.rule.cobot_02_49.Cobot_02_49_04 cost :0s
cn.net.cobot.cobot_java_checker.rule.cobot_02_49.Cobot_02_49_04 mem :0M
cn.net.cobot.cobot_java_checker.rule.cobot_02_03.Cobot_02_03_13 cost :0s
cn.net.cobot.cobot_java_checker.rule.cobot_02_03.Cobot_02_03_13 mem :0M
cn.net.cobot.cobot_java_checker.rule.cobot_02_05.Cobot_02_05_11 cost :0s
cn.net.cobot.cobot_java_checker.rule.cobot_02_05.Cobot_02_05_11 mem :0M
cn.net.cobot.cobot_java_checker.rule.cobot_02_02.Cobot_02_02_05 cost :0s
cn.net.cobot.cobot_java_checker.rule.cobot_02_02.Cobot_02_02_05 mem :0M
cn.net.cobot.cobot_java_checker.rule.cobot_02_03.Cobot_02_03_03 cost :0s
cn.net.cobot.cobot_java_checker.rule.cobot_02_03.Cobot_02_03_03 mem :0M
cn.net.cobot.cobot_java_checker.rule.cobot_02_09.Cobot_02_09_04 cost :0s
cn.net.cobot.cobot_java_checker.rule.cobot_02_09.Cobot_02_09_04 mem :0M
cn.net.cobot.cobot_java_checker.rule.cobot_02_01.Cobot_02_01_01 cost :0s
cn.net.cobot.cobot_java_checker.rule.cobot_02_01.Cobot_02_01_01 mem :0M
cn.net.cobot.cobot_java_checker.rule.cobot_02_02.Cobot_02_02_02 cost :0s
cn.net.cobot.cobot_java_checker.rule.cobot_02_02.Cobot_02_02_02 mem :0M
cn.net.cobot.cobot_java_checker.rule.cobot_02_11.Cobot_02_11_00 cost :0s
cn.net.cobot.cobot_java_checker.rule.cobot_02_11.Cobot_02_11_00 mem :0M
cn.net.cobot.cobot_java_checker.rule.cobot_02_15.Cobot_02_15_02 cost :0s
cn.net.cobot.cobot_java_checker.rule.cobot_02_15.Cobot_02_15_02 mem :0M
cn.net.cobot.cobot_java_checker.rule.cobot_02_01.Cobot_02_01_00 cost :0s
cn.net.cobot.cobot_java_checker.rule.cobot_02_01.Cobot_02_01_00 mem :0M
cn.net.cobot.cobot_java_checker.rule.cobot_02_04.Cobot_02_04_03 cost :0s
cn.net.cobot.cobot_java_checker.rule.cobot_02_04.Cobot_02_04_03 mem :0M
cn.net.cobot.cobot_java_checker.rule.cobot_02_14.Cobot_02_14_09 cost :0s
cn.net.cobot.cobot_java_checker.rule.cobot_02_14.Cobot_02_14_09 mem :0M
cn.net.cobot.cobot_java_checker.rule.cobot_08_00.Cobot_08_00_05 cost :0s
cn.net.cobot.cobot_java_checker.rule.cobot_08_00.Cobot_08_00_05 mem :0M
cn.net.cobot.cobot_java_checker.rule.cobot_02_05.Cobot_02_05_05 cost :0s
cn.net.cobot.cobot_java_checker.rule.cobot_02_05.Cobot_02_05_05 mem :0M
cn.net.cobot.cobot_java_checker.rule.cobot_02_08.Cobot_02_08_01 cost :0s
cn.net.cobot.cobot_java_checker.rule.cobot_02_08.Cobot_02_08_01 mem :0M
cn.net.cobot.cobot_java_checker.rule.cobot_02_07.Cobot_02_07_03 cost :0s
cn.net.cobot.cobot_java_checker.rule.cobot_02_07.Cobot_02_07_03 mem :0M
cn.net.cobot.cobot_java_checker.rule.cobot_02_07.Cobot_02_07_09 cost :0s
cn.net.cobot.cobot_java_checker.rule.cobot_02_07.Cobot_02_07_09 mem :0M
cn.net.cobot.cobot_java_checker.rule.cobot_02_12.Cobot_02_12_03 cost :0s
cn.net.cobot.cobot_java_checker.rule.cobot_02_12.Cobot_02_12_03 mem :0M
cn.net.cobot.cobot_java_checker.rule.cobot_02_49.Cobot_02_49_01 cost :0s
cn.net.cobot.cobot_java_checker.rule.cobot_02_49.Cobot_02_49_01 mem :0M
cn.net.cobot.cobot_java_checker.rule.cobot_02_04.Cobot_02_04_04 cost :0s
cn.net.cobot.cobot_java_checker.rule.cobot_02_04.Cobot_02_04_04 mem :0M
cn.net.cobot.cobot_java_checker.rule.cobot_02_10.Cobot_02_10_05 cost :0s
cn.net.cobot.cobot_java_checker.rule.cobot_02_10.Cobot_02_10_05 mem :0M
cn.net.cobot.cobot_java_checker.rule.cobot_02_08.Cobot_02_08_03 cost :0s
cn.net.cobot.cobot_java_checker.rule.cobot_02_08.Cobot_02_08_03 mem :0M
cn.net.cobot.cobot_java_checker.rule.cobot_02_49.Cobot_02_49_02 cost :0s
cn.net.cobot.cobot_java_checker.rule.cobot_02_49.Cobot_02_49_02 mem :0M
cn.net.cobot.cobot_java_checker.rule.cobot_02_04.Cobot_02_04_01 cost :0s
cn.net.cobot.cobot_java_checker.rule.cobot_02_04.Cobot_02_04_01 mem :0M
cn.net.cobot.cobot_java_checker.rule.cobot_02_07.Cobot_02_07_00 cost :0s
cn.net.cobot.cobot_java_checker.rule.cobot_02_07.Cobot_02_07_00 mem :0M
cn.net.cobot.cobot_java_checker.rule.cobot_02_07.Cobot_02_07_07 cost :0s
cn.net.cobot.cobot_java_checker.rule.cobot_02_07.Cobot_02_07_07 mem :0M
cn.net.cobot.cobot_java_checker.rule.cobot_02_13.Cobot_02_13_08 cost :0s
cn.net.cobot.cobot_java_checker.rule.cobot_02_13.Cobot_02_13_08 mem :0M
cn.net.cobot.cobot_java_checker.rule.cobot_02_03.Cobot_02_03_00 cost :0s
cn.net.cobot.cobot_java_checker.rule.cobot_02_03.Cobot_02_03_00 mem :0M
cn.net.cobot.cobot_java_checker.rule.cobot_02_06.Cobot_02_06_02 cost :0s
cn.net.cobot.cobot_java_checker.rule.cobot_02_06.Cobot_02_06_02 mem :0M
cn.net.cobot.cobot_java_checker.rule.cobot_02_13.Cobot_02_13_10 cost :0s
cn.net.cobot.cobot_java_checker.rule.cobot_02_13.Cobot_02_13_10 mem :0M
cn.net.cobot.cobot_java_checker.rule.cobot_02_09.Cobot_02_09_11 cost :0s
cn.net.cobot.cobot_java_checker.rule.cobot_02_09.Cobot_02_09_11 mem :0M
cn.net.cobot.cobot_java_checker.rule.cobot_02_49.Cobot_02_49_06 cost :0s
cn.net.cobot.cobot_java_checker.rule.cobot_02_49.Cobot_02_49_06 mem :0M
cn.net.cobot.cobot_java_checker.rule.cobot_02_13.Cobot_02_13_03 cost :0s
cn.net.cobot.cobot_java_checker.rule.cobot_02_13.Cobot_02_13_03 mem :0M
cn.net.cobot.cobot_java_checker.rule.cobot_02_15.Cobot_02_15_06 cost :0s
cn.net.cobot.cobot_java_checker.rule.cobot_02_15.Cobot_02_15_06 mem :0M
cn.net.cobot.cobot_java_checker.rule.cobot_02_06.Cobot_02_06_12 cost :0s
cn.net.cobot.cobot_java_checker.rule.cobot_02_06.Cobot_02_06_12 mem :0M
cn.net.cobot.cobot_java_checker.rule.cobot_02_49.Cobot_02_49_00 cost :0s
cn.net.cobot.cobot_java_checker.rule.cobot_02_49.Cobot_02_49_00 mem :0M
cn.net.cobot.cobot_java_checker.rule.cobot_02_11.Cobot_02_11_04 cost :0s
cn.net.cobot.cobot_java_checker.rule.cobot_02_11.Cobot_02_11_04 mem :0M
cn.net.cobot.cobot_java_checker.rule.cobot_02_00.Cobot_02_00_07 cost :0s
cn.net.cobot.cobot_java_checker.rule.cobot_02_00.Cobot_02_00_07 mem :0M
cn.net.cobot.cobot_java_checker.rule.cobot_02_06.Cobot_02_06_06 cost :0s
cn.net.cobot.cobot_java_checker.rule.cobot_02_06.Cobot_02_06_06 mem :0M
cn.net.cobot.cobot_java_checker.rule.cobot_02_17.Cobot_02_17_00 cost :0s
cn.net.cobot.cobot_java_checker.rule.cobot_02_17.Cobot_02_17_00 mem :0M
cn.net.cobot.cobot_java_checker.rule.cobot_02_13.Cobot_02_13_01 cost :0s
cn.net.cobot.cobot_java_checker.rule.cobot_02_13.Cobot_02_13_01 mem :0M
cn.net.cobot.cobot_java_checker.rule.cobot_02_13.Cobot_02_13_15 cost :0s
cn.net.cobot.cobot_java_checker.rule.cobot_02_13.Cobot_02_13_15 mem :0M
cn.net.cobot.cobot_java_checker.rule.cobot_02_14.Cobot_02_14_06 cost :0s
cn.net.cobot.cobot_java_checker.rule.cobot_02_14.Cobot_02_14_06 mem :0M
cn.net.cobot.cobot_java_checker.rule.cobot_02_10.Cobot_02_10_02 cost :0s
cn.net.cobot.cobot_java_checker.rule.cobot_02_10.Cobot_02_10_02 mem :0M
cn.net.cobot.cobot_java_checker.rule.cobot_02_07.Cobot_02_07_08 cost :0s
cn.net.cobot.cobot_java_checker.rule.cobot_02_07.Cobot_02_07_08 mem :0M
cn.net.cobot.cobot_java_checker.rule.cobot_02_06.Cobot_02_06_03 cost :0s
cn.net.cobot.cobot_java_checker.rule.cobot_02_06.Cobot_02_06_03 mem :0M
cn.net.cobot.cobot_java_checker.rule.cobot_02_08.Cobot_02_08_00 cost :0s
cn.net.cobot.cobot_java_checker.rule.cobot_02_08.Cobot_02_08_00 mem :0M
cn.net.cobot.cobot_java_checker.rule.cobot_02_02.Cobot_02_02_00 cost :0s
cn.net.cobot.cobot_java_checker.rule.cobot_02_02.Cobot_02_02_00 mem :0M
cn.net.cobot.cobot_java_checker.rule.cobot_02_03.Cobot_02_03_02 cost :0s
cn.net.cobot.cobot_java_checker.rule.cobot_02_03.Cobot_02_03_02 mem :0M
cn.net.cobot.cobot_java_checker.rule.cobot_02_03.Cobot_02_03_04 cost :0s
cn.net.cobot.cobot_java_checker.rule.cobot_02_03.Cobot_02_03_04 mem :0M
cn.net.cobot.cobot_java_checker.rule.cobot_02_16.Cobot_02_16_03 cost :0s
cn.net.cobot.cobot_java_checker.rule.cobot_02_16.Cobot_02_16_03 mem :0M
cn.net.cobot.cobot_java_checker.rule.cobot_02_05.Cobot_02_05_01 cost :0s
cn.net.cobot.cobot_java_checker.rule.cobot_02_05.Cobot_02_05_01 mem :0M
cn.net.cobot.cobot_java_checker.rule.cobot_02_12.Cobot_02_12_02 cost :0s
cn.net.cobot.cobot_java_checker.rule.cobot_02_12.Cobot_02_12_02 mem :0M
cn.net.cobot.cobot_java_checker.rule.cobot_02_14.Cobot_02_14_08 cost :0s
cn.net.cobot.cobot_java_checker.rule.cobot_02_14.Cobot_02_14_08 mem :0M
cn.net.cobot.cobot_java_checker.rule.cobot_02_06.Cobot_02_06_09 cost :0s
cn.net.cobot.cobot_java_checker.rule.cobot_02_06.Cobot_02_06_09 mem :0M
cn.net.cobot.cobot_java_checker.rule.cobot_02_02.Cobot_02_02_07 cost :0s
cn.net.cobot.cobot_java_checker.rule.cobot_02_02.Cobot_02_02_07 mem :0M
cn.net.cobot.cobot_java_checker.rule.cobot_02_09.Cobot_02_09_01 cost :0s
cn.net.cobot.cobot_java_checker.rule.cobot_02_09.Cobot_02_09_01 mem :0M
cn.net.cobot.cobot_java_checker.rule.cobot_02_13.Cobot_02_13_14 cost :0s
cn.net.cobot.cobot_java_checker.rule.cobot_02_13.Cobot_02_13_14 mem :0M
cn.net.cobot.cobot_java_checker.rule.cobot_02_13.Cobot_02_13_05 cost :0s
cn.net.cobot.cobot_java_checker.rule.cobot_02_13.Cobot_02_13_05 mem :0M
cn.net.cobot.cobot_java_checker.rule.cobot_02_04.Cobot_02_04_02 cost :0s
cn.net.cobot.cobot_java_checker.rule.cobot_02_04.Cobot_02_04_02 mem :0M
cn.net.cobot.cobot_java_checker.rule.cobot_02_13.Cobot_02_13_06 cost :0s
cn.net.cobot.cobot_java_checker.rule.cobot_02_13.Cobot_02_13_06 mem :0M
cn.net.cobot.cobot_java_checker.rule.cobot_02_14.Cobot_02_14_11 cost :0s
cn.net.cobot.cobot_java_checker.rule.cobot_02_14.Cobot_02_14_11 mem :0M
cn.net.cobot.cobot_java_checker.rule.cobot_02_08.Cobot_02_08_02 cost :0s
cn.net.cobot.cobot_java_checker.rule.cobot_02_08.Cobot_02_08_02 mem :0M
cn.net.cobot.cobot_java_checker.rule.cobot_08_00.Cobot_08_00_01 cost :0s
cn.net.cobot.cobot_java_checker.rule.cobot_08_00.Cobot_08_00_01 mem :0M
cn.net.cobot.cobot_java_checker.rule.cobot_02_00.Cobot_02_00_11 cost :0s
cn.net.cobot.cobot_java_checker.rule.cobot_02_00.Cobot_02_00_11 mem :0M
cn.net.cobot.cobot_java_checker.rule.cobot_02_06.Cobot_02_06_05 cost :0s
cn.net.cobot.cobot_java_checker.rule.cobot_02_06.Cobot_02_06_05 mem :0M
cn.net.cobot.cobot_java_checker.rule.cobot_02_06.Cobot_02_06_10 cost :0s
cn.net.cobot.cobot_java_checker.rule.cobot_02_06.Cobot_02_06_10 mem :0M
cn.net.cobot.cobot_java_checker.rule.cobot_02_09.Cobot_02_09_09 cost :0s
cn.net.cobot.cobot_java_checker.rule.cobot_02_09.Cobot_02_09_09 mem :0M
cn.net.cobot.cobot_java_checker.rule.cobot_02_00.Cobot_02_00_14 cost :0s
cn.net.cobot.cobot_java_checker.rule.cobot_02_00.Cobot_02_00_14 mem :0M
cn.net.cobot.cobot_java_checker.rule.cobot_02_08.Cobot_02_08_04 cost :0s
cn.net.cobot.cobot_java_checker.rule.cobot_02_08.Cobot_02_08_04 mem :0M
cn.net.cobot.cobot_java_checker.rule.cobot_02_09.Cobot_02_09_02 cost :0s
cn.net.cobot.cobot_java_checker.rule.cobot_02_09.Cobot_02_09_02 mem :0M
cn.net.cobot.cobot_java_checker.rule.cobot_02_03.Cobot_02_03_01 cost :0s
cn.net.cobot.cobot_java_checker.rule.cobot_02_03.Cobot_02_03_01 mem :0M
cn.net.cobot.cobot_java_checker.rule.cobot_02_05.Cobot_02_05_03 cost :0s
cn.net.cobot.cobot_java_checker.rule.cobot_02_05.Cobot_02_05_03 mem :0M
cn.net.cobot.cobot_java_checker.rule.cobot_02_00.Cobot_02_00_16 cost :0s
cn.net.cobot.cobot_java_checker.rule.cobot_02_00.Cobot_02_00_16 mem :0M
cn.net.cobot.cobot_java_checker.rule.cobot_02_09.Cobot_02_09_06 cost :0s
cn.net.cobot.cobot_java_checker.rule.cobot_02_09.Cobot_02_09_06 mem :0M
cn.net.cobot.cobot_java_checker.rule.cobot_02_03.Cobot_02_03_14 cost :0s
cn.net.cobot.cobot_java_checker.rule.cobot_02_03.Cobot_02_03_14 mem :0M
cn.net.cobot.cobot_java_checker.rule.cobot_02_05.Cobot_02_05_10 cost :0s
cn.net.cobot.cobot_java_checker.rule.cobot_02_05.Cobot_02_05_10 mem :0M
cn.net.cobot.cobot_java_checker.rule.cobot_02_49.Cobot_02_49_07 cost :0s
cn.net.cobot.cobot_java_checker.rule.cobot_02_49.Cobot_02_49_07 mem :0M
cn.net.cobot.cobot_java_checker.rule.cobot_02_10.Cobot_02_10_01 cost :0s
cn.net.cobot.cobot_java_checker.rule.cobot_02_10.Cobot_02_10_01 mem :0M
cn.net.cobot.cobot_java_checker.rule.cobot_02_08.Cobot_02_08_05 cost :0s
cn.net.cobot.cobot_java_checker.rule.cobot_02_08.Cobot_02_08_05 mem :0M
cn.net.cobot.cobot_java_checker.rule.cobot_08_00.Cobot_08_00_00 cost :0s
cn.net.cobot.cobot_java_checker.rule.cobot_08_00.Cobot_08_00_00 mem :0M
cn.net.cobot.cobot_java_checker.rule.cobot_02_03.Cobot_02_03_08 cost :0s
cn.net.cobot.cobot_java_checker.rule.cobot_02_03.Cobot_02_03_08 mem :0M
cn.net.cobot.cobot_java_checker.rule.cobot_02_09.Cobot_02_09_08 cost :0s
cn.net.cobot.cobot_java_checker.rule.cobot_02_09.Cobot_02_09_08 mem :0M
cn.net.cobot.cobot_java_checker.rule.cobot_02_11.Cobot_02_11_03 cost :0s
cn.net.cobot.cobot_java_checker.rule.cobot_02_11.Cobot_02_11_03 mem :0M
cn.net.cobot.cobot_java_checker.rule.cobot_02_49.Cobot_02_49_03 cost :0s
cn.net.cobot.cobot_java_checker.rule.cobot_02_49.Cobot_02_49_03 mem :0M
cn.net.cobot.cobot_java_checker.rule.cobot_02_15.Cobot_02_15_00 cost :0s
cn.net.cobot.cobot_java_checker.rule.cobot_02_15.Cobot_02_15_00 mem :0M
cn.net.cobot.cobot_java_checker.rule.cobot_02_03.Cobot_02_03_12 cost :0s
cn.net.cobot.cobot_java_checker.rule.cobot_02_03.Cobot_02_03_12 mem :0M
cn.net.cobot.cobot_java_checker.rule.cobot_02_03.Cobot_02_03_09 cost :0s
cn.net.cobot.cobot_java_checker.rule.cobot_02_03.Cobot_02_03_09 mem :0M
cn.net.cobot.cobot_java_checker.rule.cobot_02_03.Cobot_02_03_11 cost :0s
cn.net.cobot.cobot_java_checker.rule.cobot_02_03.Cobot_02_03_11 mem :0M
cn.net.cobot.cobot_java_checker.rule.cobot_02_05.Cobot_02_05_13 cost :0s
cn.net.cobot.cobot_java_checker.rule.cobot_02_05.Cobot_02_05_13 mem :0M
cn.net.cobot.cobot_java_checker.rule.cobot_02_00.Cobot_02_00_01 cost :0s
cn.net.cobot.cobot_java_checker.rule.cobot_02_00.Cobot_02_00_01 mem :0M
cn.net.cobot.cobot_java_checker.rule.cobot_02_02.Cobot_02_02_04 cost :0s
cn.net.cobot.cobot_java_checker.rule.cobot_02_02.Cobot_02_02_04 mem :0M
cn.net.cobot.cobot_java_checker.rule.cobot_02_11.Cobot_02_11_01 cost :0s
cn.net.cobot.cobot_java_checker.rule.cobot_02_11.Cobot_02_11_01 mem :0M
cn.net.cobot.cobot_java_checker.rule.cobot_02_00.Cobot_02_00_00 cost :0s
cn.net.cobot.cobot_java_checker.rule.cobot_02_00.Cobot_02_00_00 mem :0M
cn.net.cobot.cobot_java_checker.rule.cobot_02_06.Cobot_02_06_01 cost :0s
cn.net.cobot.cobot_java_checker.rule.cobot_02_06.Cobot_02_06_01 mem :0M
cn.net.cobot.cobot_java_checker.rule.cobot_02_05.Cobot_02_05_08 cost :0s
cn.net.cobot.cobot_java_checker.rule.cobot_02_05.Cobot_02_05_08 mem :0M
cn.net.cobot.cobot_java_checker.rule.cobot_02_13.Cobot_02_13_04 cost :0s
cn.net.cobot.cobot_java_checker.rule.cobot_02_13.Cobot_02_13_04 mem :0M
cn.net.cobot.cobot_java_checker.rule.cobot_02_12.Cobot_02_12_00 cost :0s
cn.net.cobot.cobot_java_checker.rule.cobot_02_12.Cobot_02_12_00 mem :0M
cn.net.cobot.cobot_java_checker.rule.cobot_02_02.Cobot_02_02_01 cost :0s
cn.net.cobot.cobot_java_checker.rule.cobot_02_02.Cobot_02_02_01 mem :0M
cn.net.cobot.cobot_java_checker.rule.cobot_02_10.Cobot_02_10_03 cost :0s
cn.net.cobot.cobot_java_checker.rule.cobot_02_10.Cobot_02_10_03 mem :0M
cn.net.cobot.cobot_java_checker.rule.cobot_08_00.Cobot_08_00_02 cost :0s
cn.net.cobot.cobot_java_checker.rule.cobot_08_00.Cobot_08_00_02 mem :0M
cn.net.cobot.cobot_java_checker.rule.cobot_02_49.Cobot_02_49_05 cost :0s
cn.net.cobot.cobot_java_checker.rule.cobot_02_49.Cobot_02_49_05 mem :0M
cn.net.cobot.cobot_java_checker.rule.cobot_02_00.Cobot_02_00_17 cost :0s
cn.net.cobot.cobot_java_checker.rule.cobot_02_00.Cobot_02_00_17 mem :0M
cn.net.cobot.cobot_java_checker.rule.cobot_02_12.Cobot_02_12_01 cost :0s
cn.net.cobot.cobot_java_checker.rule.cobot_02_12.Cobot_02_12_01 mem :0M
cn.net.cobot.cobot_java_checker.rule.cobot_02_06.Cobot_02_06_07 cost :0s
cn.net.cobot.cobot_java_checker.rule.cobot_02_06.Cobot_02_06_07 mem :0M
cn.net.cobot.cobot_java_checker.rule.cobot_02_06.Cobot_02_06_08 cost :0s
cn.net.cobot.cobot_java_checker.rule.cobot_02_06.Cobot_02_06_08 mem :0M
cn.net.cobot.cobot_java_checker.rule.cobot_02_14.Cobot_02_14_00 cost :0s
cn.net.cobot.cobot_java_checker.rule.cobot_02_14.Cobot_02_14_00 mem :0M
cn.net.cobot.cobot_java_checker.rule.cobot_02_07.Cobot_02_07_05 cost :0s
cn.net.cobot.cobot_java_checker.rule.cobot_02_07.Cobot_02_07_05 mem :0M
cn.net.cobot.cobot_java_checker.rule.cobot_02_05.Cobot_02_05_09 cost :0s
cn.net.cobot.cobot_java_checker.rule.cobot_02_05.Cobot_02_05_09 mem :0M
cn.net.cobot.cobot_java_checker.rule.cobot_02_00.Cobot_02_00_08 cost :0s
cn.net.cobot.cobot_java_checker.rule.cobot_02_00.Cobot_02_00_08 mem :0M
cn.net.cobot.cobot_java_checker.rule.cobot_02_14.Cobot_02_14_12 cost :0s
cn.net.cobot.cobot_java_checker.rule.cobot_02_14.Cobot_02_14_12 mem :0M
cn.net.cobot.cobot_java_checker.rule.cobot_02_49.Cobot_02_49_11 cost :0s
cn.net.cobot.cobot_java_checker.rule.cobot_02_49.Cobot_02_49_11 mem :0M
cn.net.cobot.cobot_java_checker.rule.cobot_02_06.Cobot_02_06_04 cost :0s
cn.net.cobot.cobot_java_checker.rule.cobot_02_06.Cobot_02_06_04 mem :0M
cn.net.cobot.cobot_java_checker.rule.cobot_02_00.Cobot_02_00_03 cost :0s
cn.net.cobot.cobot_java_checker.rule.cobot_02_00.Cobot_02_00_03 mem :0M
cn.net.cobot.cobot_java_checker.rule.cobot_02_02.Cobot_02_02_06 cost :0s
cn.net.cobot.cobot_java_checker.rule.cobot_02_02.Cobot_02_02_06 mem :0M
项目javacert0602总花费：37.591秒


总检测时间：44秒
