Refreshing org.springframework.context.support.ClassPathXmlApplicationContext@5a39699c: startup date [Sun Jun 02 10:59:21 EDT 2019]; root of context hierarchy
Loading XML bean definitions from class path resource [cobot-platform-core.xml]
Loading XML bean definitions from class path resource [cobot-cpp-checker.xml]
Loading XML bean definitions from class path resource [cobot-preprocess.xml]
Loading XML bean definitions from class path resource [cobot-parsers.xml]
Loading XML bean definitions from class path resource [cobot-utils.xml]
Loading XML bean definitions from class path resource [cobot-java-checker.xml]
Loading XML bean definitions from class path resource [cobot-utils.xml]
Overriding bean definition for bean 'checkRuleTools': replacing [Generic bean: class [cn.net.cobot.cobot_checker_common.common.tools.CheckRuleTools]; scope=; abstract=false; lazyInit=false; autowireMode=0; dependencyCheck=0; autowireCandidate=true; primary=false; factoryBeanName=null; factoryMethodName=null; initMethodName=null; destroyMethodName=null; defined in class path resource [cobot-cpp-checker.xml]] with [Generic bean: class [cn.net.cobot.cobot_checker_common.common.tools.CheckRuleTools]; scope=; abstract=false; lazyInit=false; autowireMode=0; dependencyCheck=0; autowireCandidate=true; primary=false; factoryBeanName=null; factoryMethodName=null; initMethodName=null; destroyMethodName=null; defined in class path resource [cobot-java-checker.xml]]
Overriding bean definition for bean 'measureTools': replacing [Generic bean: class [cn.net.cobot.cobot_checker_common.common.tools.MeasureTools]; scope=; abstract=false; lazyInit=false; autowireMode=0; dependencyCheck=0; autowireCandidate=true; primary=false; factoryBeanName=null; factoryMethodName=null; initMethodName=null; destroyMethodName=null; defined in class path resource [cobot-cpp-checker.xml]] with [Generic bean: class [cn.net.cobot.cobot_checker_common.common.tools.MeasureTools]; scope=; abstract=false; lazyInit=false; autowireMode=0; dependencyCheck=0; autowireCandidate=true; primary=false; factoryBeanName=null; factoryMethodName=null; initMethodName=null; destroyMethodName=null; defined in class path resource [cobot-java-checker.xml]]
Loading XML bean definitions from class path resource [cobot-findbugs.xml]
Loading XML bean definitions from class path resource [cobot-persistence.xml]
Loading properties file from class path resource [cobot-platform.properties]
Loading properties file from class path resource [cobot-web.properties]
Loading properties file from class path resource [output.properties]
Loading properties file from class path resource [upload-config.properties]
Loading properties file from class path resource [resources-config.properties]
Loading properties file from class path resource [resources-product.properties]
JSR-330 'javax.inject.Inject' annotation found and supported for autowiring
Bean 'org.springframework.aop.support.DefaultBeanFactoryPointcutAdvisor#0' of type [class org.springframework.aop.support.DefaultBeanFactoryPointcutAdvisor] is not eligible for getting processed by all BeanPostProcessors (for example: not eligible for auto-proxying)
Bean '(inner bean)' of type [class org.springframework.aop.aspectj.AspectJAroundAdvice] is not eligible for getting processed by all BeanPostProcessors (for example: not eligible for auto-proxying)
Bean 'org.springframework.aop.aspectj.AspectJPointcutAdvisor#0' of type [class org.springframework.aop.aspectj.AspectJPointcutAdvisor] is not eligible for getting processed by all BeanPostProcessors (for example: not eligible for auto-proxying)
Bean 'org.springframework.transaction.annotation.AnnotationTransactionAttributeSource#0' of type [class org.springframework.transaction.annotation.AnnotationTransactionAttributeSource] is not eligible for getting processed by all BeanPostProcessors (for example: not eligible for auto-proxying)
Bean 'org.springframework.transaction.config.internalTransactionAdvisor' of type [class org.springframework.transaction.interceptor.BeanFactoryTransactionAttributeSourceAdvisor] is not eligible for getting processed by all BeanPostProcessors (for example: not eligible for auto-proxying)
HCANN000001: Hibernate Commons Annotations {4.0.1.Final}
HHH000412: Hibernate Core {4.1.0.Final}
HHH000206: hibernate.properties not found
HHH000021: Bytecode provider name : javassist
HHH000038: Composite-id class does not override equals(): cn.net.cobot.cobot_persistence.entity.validateResultModel.KeyRuleLevel
HHH000039: Composite-id class does not override hashCode(): cn.net.cobot.cobot_persistence.entity.validateResultModel.KeyRuleLevel
HHH000400: Using dialect: org.hibernate.dialect.DerbyDialect
HHH000430: The DerbyDialect dialect has been deprecated; use one of the version-specific dialects instead
HHH000399: Using default transaction strategy (direct JDBC transactions)
HHH000397: Using ASTQueryTranslatorFactory
Unable to set localhost. This prevents creation of a GUID. Cause was: linux-7fgr: linux-7fgr: unknown error
java.net.UnknownHostException: linux-7fgr: linux-7fgr: unknown error
	at java.net.InetAddress.getLocalHost(InetAddress.java:1505)
	at net.sf.ehcache.Cache.<clinit>(Cache.java:200)
	at net.sf.ehcache.config.ConfigurationHelper.createCache(ConfigurationHelper.java:302)
	at net.sf.ehcache.config.ConfigurationHelper.createDefaultCache(ConfigurationHelper.java:218)
	at net.sf.ehcache.CacheManager.configure(CacheManager.java:599)
	at net.sf.ehcache.CacheManager.init(CacheManager.java:358)
	at net.sf.ehcache.CacheManager.<init>(CacheManager.java:227)
	at org.hibernate.cache.ehcache.EhCacheRegionFactory.start(EhCacheRegionFactory.java:94)
	at org.hibernate.internal.SessionFactoryImpl.<init>(SessionFactoryImpl.java:279)
	at org.hibernate.cfg.Configuration.buildSessionFactory(Configuration.java:1740)
	at org.hibernate.cfg.Configuration.buildSessionFactory(Configuration.java:1778)
	at org.springframework.orm.hibernate4.LocalSessionFactoryBuilder.buildSessionFactory(LocalSessionFactoryBuilder.java:339)
	at org.springframework.orm.hibernate4.LocalSessionFactoryBean.buildSessionFactory(LocalSessionFactoryBean.java:427)
	at org.springframework.orm.hibernate4.LocalSessionFactoryBean.afterPropertiesSet(LocalSessionFactoryBean.java:412)
	at org.springframework.beans.factory.support.AbstractAutowireCapableBeanFactory.invokeInitMethods(AbstractAutowireCapableBeanFactory.java:1612)
	at org.springframework.beans.factory.support.AbstractAutowireCapableBeanFactory.initializeBean(AbstractAutowireCapableBeanFactory.java:1549)
	at org.springframework.beans.factory.support.AbstractAutowireCapableBeanFactory.doCreateBean(AbstractAutowireCapableBeanFactory.java:539)
	at org.springframework.beans.factory.support.AbstractAutowireCapableBeanFactory.createBean(AbstractAutowireCapableBeanFactory.java:475)
	at org.springframework.beans.factory.support.AbstractBeanFactory$1.getObject(AbstractBeanFactory.java:304)
	at org.springframework.beans.factory.support.DefaultSingletonBeanRegistry.getSingleton(DefaultSingletonBeanRegistry.java:228)
	at org.springframework.beans.factory.support.AbstractBeanFactory.doGetBean(AbstractBeanFactory.java:300)
	at org.springframework.beans.factory.support.AbstractBeanFactory.getBean(AbstractBeanFactory.java:195)
	at org.springframework.beans.factory.support.DefaultListableBeanFactory.findAutowireCandidates(DefaultListableBeanFactory.java:1014)
	at org.springframework.beans.factory.support.DefaultListableBeanFactory.doResolveDependency(DefaultListableBeanFactory.java:957)
	at org.springframework.beans.factory.support.DefaultListableBeanFactory.resolveDependency(DefaultListableBeanFactory.java:855)
	at org.springframework.beans.factory.annotation.AutowiredAnnotationBeanPostProcessor$AutowiredFieldElement.inject(AutowiredAnnotationBeanPostProcessor.java:480)
	at org.springframework.beans.factory.annotation.InjectionMetadata.inject(InjectionMetadata.java:87)
	at org.springframework.beans.factory.annotation.AutowiredAnnotationBeanPostProcessor.postProcessPropertyValues(AutowiredAnnotationBeanPostProcessor.java:289)
	at org.springframework.beans.factory.support.AbstractAutowireCapableBeanFactory.populateBean(AbstractAutowireCapableBeanFactory.java:1185)
	at org.springframework.beans.factory.support.AbstractAutowireCapableBeanFactory.doCreateBean(AbstractAutowireCapableBeanFactory.java:537)
	at org.springframework.beans.factory.support.AbstractAutowireCapableBeanFactory.createBean(AbstractAutowireCapableBeanFactory.java:475)
	at org.springframework.beans.factory.support.AbstractBeanFactory$1.getObject(AbstractBeanFactory.java:304)
	at org.springframework.beans.factory.support.DefaultSingletonBeanRegistry.getSingleton(DefaultSingletonBeanRegistry.java:228)
	at org.springframework.beans.factory.support.AbstractBeanFactory.doGetBean(AbstractBeanFactory.java:300)
	at org.springframework.beans.factory.support.AbstractBeanFactory.getBean(AbstractBeanFactory.java:195)
	at org.springframework.beans.factory.support.DefaultListableBeanFactory.preInstantiateSingletons(DefaultListableBeanFactory.java:700)
	at org.springframework.context.support.AbstractApplicationContext.finishBeanFactoryInitialization(AbstractApplicationContext.java:760)
	at org.springframework.context.support.AbstractApplicationContext.refresh(AbstractApplicationContext.java:482)
	at org.springframework.context.support.ClassPathXmlApplicationContext.<init>(ClassPathXmlApplicationContext.java:139)
	at org.springframework.context.support.ClassPathXmlApplicationContext.<init>(ClassPathXmlApplicationContext.java:83)
	at cn.net.cobot.cobot_platform.localservices.CobotService.main(CobotService.java:44)
Caused by: java.net.UnknownHostException: linux-7fgr: unknown error
	at java.net.Inet6AddressImpl.lookupAllHostAddr(Native Method)
	at java.net.InetAddress$2.lookupAllHostAddr(InetAddress.java:928)
	at java.net.InetAddress.getAddressesFromNameService(InetAddress.java:1323)
	at java.net.InetAddress.getLocalHost(InetAddress.java:1500)
	... 40 more
Hibernate Validator 4.2.0.Final
HHH020003: Could not find a specific ehcache configuration for cache named [cn.net.cobot.cobot_persistence.entity.RecentProjectsModel]; using defaults.
HHH020003: Could not find a specific ehcache configuration for cache named [cn.net.cobot.cobot_persistence.entity.FileSuffixModel]; using defaults.
HHH020003: Could not find a specific ehcache configuration for cache named [cn.net.cobot.cobot_persistence.entity.UserProjectModel]; using defaults.
HHH020003: Could not find a specific ehcache configuration for cache named [cn.net.cobot.cobot_persistence.entity.CobotRuleModel]; using defaults.
HHH020003: Could not find a specific ehcache configuration for cache named [cn.net.cobot.cobot_persistence.entity.CompilerConfigModel]; using defaults.
HHH020003: Could not find a specific ehcache configuration for cache named [cn.net.cobot.cobot_persistence.entity.GitInfoModel]; using defaults.
HHH020003: Could not find a specific ehcache configuration for cache named [cn.net.cobot.cobot_persistence.entity.UserGroupModel]; using defaults.
HHH020003: Could not find a specific ehcache configuration for cache named [cn.net.cobot.cobot_persistence.entity.AnalysLConfigContentModel]; using defaults.
HHH020003: Could not find a specific ehcache configuration for cache named [cn.net.cobot.cobot_persistence.entity.GroupUsersModel]; using defaults.
HHH020003: Could not find a specific ehcache configuration for cache named [cn.net.cobot.cobot_persistence.entity.IgnoreResultModel]; using defaults.
HHH020003: Could not find a specific ehcache configuration for cache named [cn.net.cobot.cobot_persistence.entity.SerialBugJudgeHistoryModel]; using defaults.
HHH020003: Could not find a specific ehcache configuration for cache named [cn.net.cobot.cobot_persistence.entity.GroupProjectsModel]; using defaults.
HHH020003: Could not find a specific ehcache configuration for cache named [cn.net.cobot.cobot_persistence.entity.RecentDefectConfigModel]; using defaults.
HHH020003: Could not find a specific ehcache configuration for cache named [cn.net.cobot.cobot_persistence.entity.CobotCenterModel]; using defaults.
HHH020003: Could not find a specific ehcache configuration for cache named [cn.net.cobot.cobot_persistence.entity.AnalysConfigModel]; using defaults.
HHH020003: Could not find a specific ehcache configuration for cache named [cn.net.cobot.cobot_persistence.entity.ECustomModel]; using defaults.
HHH020003: Could not find a specific ehcache configuration for cache named [cn.net.cobot.cobot_persistence.entity.ProjectLibraryModel]; using defaults.
HHH000250: Starting update timestamps cache at region: org.hibernate.cache.spi.UpdateTimestampsCache
HHH020003: Could not find a specific ehcache configuration for cache named [org.hibernate.cache.spi.UpdateTimestampsCache]; using defaults.
HHH000248: Starting query cache at region: org.hibernate.cache.internal.StandardQueryCache
HHH020003: Could not find a specific ehcache configuration for cache named [org.hibernate.cache.internal.StandardQueryCache]; using defaults.
Using DataSource [cn.net.cobot.cobot_persistence.datasource.DynamicDataSource@21ea1d9d] of Hibernate SessionFactory for HibernateTransactionManager
开始项目javacert0602的记录：
cn.net.cobot.cobot_java_checker.rule.cobot_02_05.Cobot_02_05_06 cost :0s
cn.net.cobot.cobot_java_checker.rule.cobot_02_05.Cobot_02_05_06 mem :0M
cn.net.cobot.cobot_java_checker.rule.cobot_02_15.Cobot_02_15_04 cost :0s
cn.net.cobot.cobot_java_checker.rule.cobot_02_15.Cobot_02_15_04 mem :0M
cn.net.cobot.cobot_java_checker.rule.cobot_02_07.Cobot_02_07_02 cost :0s
cn.net.cobot.cobot_java_checker.rule.cobot_02_07.Cobot_02_07_02 mem :0M
cn.net.cobot.cobot_java_checker.rule.cobot_02_13.Cobot_02_13_16 cost :0s
cn.net.cobot.cobot_java_checker.rule.cobot_02_13.Cobot_02_13_16 mem :0M
cn.net.cobot.cobot_java_checker.rule.cobot_02_00.Cobot_02_00_04 cost :0s
cn.net.cobot.cobot_java_checker.rule.cobot_02_00.Cobot_02_00_04 mem :0M
cn.net.cobot.cobot_java_checker.rule.cobot_02_14.Cobot_02_14_10 cost :0s
cn.net.cobot.cobot_java_checker.rule.cobot_02_14.Cobot_02_14_10 mem :0M
cn.net.cobot.cobot_java_checker.rule.cobot_02_05.Cobot_02_05_04 cost :0s
cn.net.cobot.cobot_java_checker.rule.cobot_02_05.Cobot_02_05_04 mem :0M
cn.net.cobot.cobot_java_checker.rule.cobot_02_14.Cobot_02_14_04 cost :0s
cn.net.cobot.cobot_java_checker.rule.cobot_02_14.Cobot_02_14_04 mem :0M
cn.net.cobot.cobot_java_checker.rule.cobot_02_15.Cobot_02_15_05 cost :0s
cn.net.cobot.cobot_java_checker.rule.cobot_02_15.Cobot_02_15_05 mem :0M
cn.net.cobot.cobot_java_checker.rule.cobot_02_03.Cobot_02_03_07 cost :0s
cn.net.cobot.cobot_java_checker.rule.cobot_02_03.Cobot_02_03_07 mem :0M
cn.net.cobot.cobot_java_checker.rule.cobot_02_03.Cobot_02_03_10 cost :0s
cn.net.cobot.cobot_java_checker.rule.cobot_02_03.Cobot_02_03_10 mem :0M
cn.net.cobot.cobot_java_checker.rule.cobot_02_13.Cobot_02_13_09 cost :0s
cn.net.cobot.cobot_java_checker.rule.cobot_02_13.Cobot_02_13_09 mem :0M
cn.net.cobot.cobot_java_checker.rule.cobot_02_13.Cobot_02_13_12 cost :0s
cn.net.cobot.cobot_java_checker.rule.cobot_02_13.Cobot_02_13_12 mem :0M
cn.net.cobot.cobot_java_checker.rule.cobot_02_09.Cobot_02_09_03 cost :0s
cn.net.cobot.cobot_java_checker.rule.cobot_02_09.Cobot_02_09_03 mem :0M
cn.net.cobot.cobot_java_checker.rule.cobot_02_10.Cobot_02_10_00 cost :0s
cn.net.cobot.cobot_java_checker.rule.cobot_02_10.Cobot_02_10_00 mem :0M
cn.net.cobot.cobot_java_checker.rule.cobot_02_16.Cobot_02_16_02 cost :0s
cn.net.cobot.cobot_java_checker.rule.cobot_02_16.Cobot_02_16_02 mem :0M
cn.net.cobot.cobot_java_checker.rule.cobot_02_14.Cobot_02_14_01 cost :0s
cn.net.cobot.cobot_java_checker.rule.cobot_02_14.Cobot_02_14_01 mem :0M
cn.net.cobot.cobot_java_checker.rule.cobot_02_02.Cobot_02_02_03 cost :0s
cn.net.cobot.cobot_java_checker.rule.cobot_02_02.Cobot_02_02_03 mem :0M
cn.net.cobot.cobot_java_checker.rule.cobot_08_00.Cobot_08_00_03 cost :0s
cn.net.cobot.cobot_java_checker.rule.cobot_08_00.Cobot_08_00_03 mem :0M
cn.net.cobot.cobot_java_checker.rule.cobot_02_00.Cobot_02_00_06 cost :0s
cn.net.cobot.cobot_java_checker.rule.cobot_02_00.Cobot_02_00_06 mem :0M
cn.net.cobot.cobot_java_checker.rule.cobot_02_01.Cobot_02_01_02 cost :0s
cn.net.cobot.cobot_java_checker.rule.cobot_02_01.Cobot_02_01_02 mem :0M
cn.net.cobot.cobot_java_checker.rule.cobot_02_11.Cobot_02_11_02 cost :0s
cn.net.cobot.cobot_java_checker.rule.cobot_02_11.Cobot_02_11_02 mem :0M
cn.net.cobot.cobot_java_checker.rule.cobot_02_07.Cobot_02_07_01 cost :0s
cn.net.cobot.cobot_java_checker.rule.cobot_02_07.Cobot_02_07_01 mem :0M
cn.net.cobot.cobot_java_checker.rule.cobot_02_09.Cobot_02_09_05 cost :0s
cn.net.cobot.cobot_java_checker.rule.cobot_02_09.Cobot_02_09_05 mem :0M
cn.net.cobot.cobot_java_checker.rule.cobot_08_00.Cobot_08_00_04 cost :0s
cn.net.cobot.cobot_java_checker.rule.cobot_08_00.Cobot_08_00_04 mem :0M
cn.net.cobot.cobot_java_checker.rule.cobot_02_13.Cobot_02_13_02 cost :0s
cn.net.cobot.cobot_java_checker.rule.cobot_02_13.Cobot_02_13_02 mem :0M
cn.net.cobot.cobot_java_checker.rule.cobot_02_13.Cobot_02_13_13 cost :0s
cn.net.cobot.cobot_java_checker.rule.cobot_02_13.Cobot_02_13_13 mem :0M
cn.net.cobot.cobot_java_checker.rule.cobot_02_04.Cobot_02_04_00 cost :0s
cn.net.cobot.cobot_java_checker.rule.cobot_02_04.Cobot_02_04_00 mem :0M
cn.net.cobot.cobot_java_checker.rule.cobot_02_09.Cobot_02_09_10 cost :0s
cn.net.cobot.cobot_java_checker.rule.cobot_02_09.Cobot_02_09_10 mem :0M
cn.net.cobot.cobot_java_checker.rule.cobot_02_14.Cobot_02_14_07 cost :0s
cn.net.cobot.cobot_java_checker.rule.cobot_02_14.Cobot_02_14_07 mem :0M
cn.net.cobot.cobot_java_checker.rule.cobot_02_07.Cobot_02_07_04 cost :0s
cn.net.cobot.cobot_java_checker.rule.cobot_02_07.Cobot_02_07_04 mem :0M
cn.net.cobot.cobot_java_checker.rule.cobot_02_14.Cobot_02_14_05 cost :0s
cn.net.cobot.cobot_java_checker.rule.cobot_02_14.Cobot_02_14_05 mem :0M
cn.net.cobot.cobot_java_checker.rule.cobot_02_16.Cobot_02_16_01 cost :0s
cn.net.cobot.cobot_java_checker.rule.cobot_02_16.Cobot_02_16_01 mem :0M
cn.net.cobot.cobot_java_checker.rule.cobot_02_06.Cobot_02_06_11 cost :0s
cn.net.cobot.cobot_java_checker.rule.cobot_02_06.Cobot_02_06_11 mem :0M
cn.net.cobot.cobot_java_checker.rule.cobot_02_09.Cobot_02_09_07 cost :0s
cn.net.cobot.cobot_java_checker.rule.cobot_02_09.Cobot_02_09_07 mem :0M
cn.net.cobot.cobot_java_checker.rule.cobot_02_49.Cobot_02_49_04 cost :0s
cn.net.cobot.cobot_java_checker.rule.cobot_02_49.Cobot_02_49_04 mem :0M
cn.net.cobot.cobot_java_checker.rule.cobot_02_03.Cobot_02_03_13 cost :0s
cn.net.cobot.cobot_java_checker.rule.cobot_02_03.Cobot_02_03_13 mem :0M
cn.net.cobot.cobot_java_checker.rule.cobot_02_05.Cobot_02_05_11 cost :0s
cn.net.cobot.cobot_java_checker.rule.cobot_02_05.Cobot_02_05_11 mem :0M
cn.net.cobot.cobot_java_checker.rule.cobot_02_02.Cobot_02_02_05 cost :0s
cn.net.cobot.cobot_java_checker.rule.cobot_02_02.Cobot_02_02_05 mem :0M
cn.net.cobot.cobot_java_checker.rule.cobot_02_03.Cobot_02_03_03 cost :0s
cn.net.cobot.cobot_java_checker.rule.cobot_02_03.Cobot_02_03_03 mem :0M
cn.net.cobot.cobot_java_checker.rule.cobot_02_09.Cobot_02_09_04 cost :0s
cn.net.cobot.cobot_java_checker.rule.cobot_02_09.Cobot_02_09_04 mem :0M
cn.net.cobot.cobot_java_checker.rule.cobot_02_01.Cobot_02_01_01 cost :0s
cn.net.cobot.cobot_java_checker.rule.cobot_02_01.Cobot_02_01_01 mem :0M
cn.net.cobot.cobot_java_checker.rule.cobot_02_02.Cobot_02_02_02 cost :0s
cn.net.cobot.cobot_java_checker.rule.cobot_02_02.Cobot_02_02_02 mem :0M
cn.net.cobot.cobot_java_checker.rule.cobot_02_11.Cobot_02_11_00 cost :0s
cn.net.cobot.cobot_java_checker.rule.cobot_02_11.Cobot_02_11_00 mem :0M
cn.net.cobot.cobot_java_checker.rule.cobot_02_15.Cobot_02_15_02 cost :0s
cn.net.cobot.cobot_java_checker.rule.cobot_02_15.Cobot_02_15_02 mem :0M
cn.net.cobot.cobot_java_checker.rule.cobot_02_01.Cobot_02_01_00 cost :0s
cn.net.cobot.cobot_java_checker.rule.cobot_02_01.Cobot_02_01_00 mem :0M
cn.net.cobot.cobot_java_checker.rule.cobot_02_04.Cobot_02_04_03 cost :0s
cn.net.cobot.cobot_java_checker.rule.cobot_02_04.Cobot_02_04_03 mem :0M
cn.net.cobot.cobot_java_checker.rule.cobot_02_14.Cobot_02_14_09 cost :0s
cn.net.cobot.cobot_java_checker.rule.cobot_02_14.Cobot_02_14_09 mem :0M
cn.net.cobot.cobot_java_checker.rule.cobot_08_00.Cobot_08_00_05 cost :0s
cn.net.cobot.cobot_java_checker.rule.cobot_08_00.Cobot_08_00_05 mem :0M
cn.net.cobot.cobot_java_checker.rule.cobot_02_05.Cobot_02_05_05 cost :0s
cn.net.cobot.cobot_java_checker.rule.cobot_02_05.Cobot_02_05_05 mem :0M
cn.net.cobot.cobot_java_checker.rule.cobot_02_08.Cobot_02_08_01 cost :0s
cn.net.cobot.cobot_java_checker.rule.cobot_02_08.Cobot_02_08_01 mem :0M
cn.net.cobot.cobot_java_checker.rule.cobot_02_07.Cobot_02_07_03 cost :0s
cn.net.cobot.cobot_java_checker.rule.cobot_02_07.Cobot_02_07_03 mem :0M
cn.net.cobot.cobot_java_checker.rule.cobot_02_07.Cobot_02_07_09 cost :0s
cn.net.cobot.cobot_java_checker.rule.cobot_02_07.Cobot_02_07_09 mem :0M
cn.net.cobot.cobot_java_checker.rule.cobot_02_12.Cobot_02_12_03 cost :0s
cn.net.cobot.cobot_java_checker.rule.cobot_02_12.Cobot_02_12_03 mem :0M
cn.net.cobot.cobot_java_checker.rule.cobot_02_49.Cobot_02_49_01 cost :0s
cn.net.cobot.cobot_java_checker.rule.cobot_02_49.Cobot_02_49_01 mem :0M
cn.net.cobot.cobot_java_checker.rule.cobot_02_04.Cobot_02_04_04 cost :0s
cn.net.cobot.cobot_java_checker.rule.cobot_02_04.Cobot_02_04_04 mem :0M
cn.net.cobot.cobot_java_checker.rule.cobot_02_10.Cobot_02_10_05 cost :0s
cn.net.cobot.cobot_java_checker.rule.cobot_02_10.Cobot_02_10_05 mem :0M
cn.net.cobot.cobot_java_checker.rule.cobot_02_08.Cobot_02_08_03 cost :0s
cn.net.cobot.cobot_java_checker.rule.cobot_02_08.Cobot_02_08_03 mem :0M
cn.net.cobot.cobot_java_checker.rule.cobot_02_49.Cobot_02_49_02 cost :0s
cn.net.cobot.cobot_java_checker.rule.cobot_02_49.Cobot_02_49_02 mem :0M
cn.net.cobot.cobot_java_checker.rule.cobot_02_04.Cobot_02_04_01 cost :0s
cn.net.cobot.cobot_java_checker.rule.cobot_02_04.Cobot_02_04_01 mem :0M
cn.net.cobot.cobot_java_checker.rule.cobot_02_07.Cobot_02_07_00 cost :0s
cn.net.cobot.cobot_java_checker.rule.cobot_02_07.Cobot_02_07_00 mem :0M
cn.net.cobot.cobot_java_checker.rule.cobot_02_07.Cobot_02_07_07 cost :0s
cn.net.cobot.cobot_java_checker.rule.cobot_02_07.Cobot_02_07_07 mem :0M
cn.net.cobot.cobot_java_checker.rule.cobot_02_13.Cobot_02_13_08 cost :0s
cn.net.cobot.cobot_java_checker.rule.cobot_02_13.Cobot_02_13_08 mem :0M
cn.net.cobot.cobot_java_checker.rule.cobot_02_03.Cobot_02_03_00 cost :0s
cn.net.cobot.cobot_java_checker.rule.cobot_02_03.Cobot_02_03_00 mem :0M
cn.net.cobot.cobot_java_checker.rule.cobot_02_06.Cobot_02_06_02 cost :0s
cn.net.cobot.cobot_java_checker.rule.cobot_02_06.Cobot_02_06_02 mem :0M
cn.net.cobot.cobot_java_checker.rule.cobot_02_13.Cobot_02_13_10 cost :0s
cn.net.cobot.cobot_java_checker.rule.cobot_02_13.Cobot_02_13_10 mem :0M
cn.net.cobot.cobot_java_checker.rule.cobot_02_09.Cobot_02_09_11 cost :0s
cn.net.cobot.cobot_java_checker.rule.cobot_02_09.Cobot_02_09_11 mem :0M
cn.net.cobot.cobot_java_checker.rule.cobot_02_49.Cobot_02_49_06 cost :0s
cn.net.cobot.cobot_java_checker.rule.cobot_02_49.Cobot_02_49_06 mem :0M
cn.net.cobot.cobot_java_checker.rule.cobot_02_13.Cobot_02_13_03 cost :0s
cn.net.cobot.cobot_java_checker.rule.cobot_02_13.Cobot_02_13_03 mem :0M
cn.net.cobot.cobot_java_checker.rule.cobot_02_15.Cobot_02_15_06 cost :0s
cn.net.cobot.cobot_java_checker.rule.cobot_02_15.Cobot_02_15_06 mem :0M
cn.net.cobot.cobot_java_checker.rule.cobot_02_06.Cobot_02_06_12 cost :0s
cn.net.cobot.cobot_java_checker.rule.cobot_02_06.Cobot_02_06_12 mem :0M
cn.net.cobot.cobot_java_checker.rule.cobot_02_49.Cobot_02_49_00 cost :0s
cn.net.cobot.cobot_java_checker.rule.cobot_02_49.Cobot_02_49_00 mem :0M
cn.net.cobot.cobot_java_checker.rule.cobot_02_11.Cobot_02_11_04 cost :0s
cn.net.cobot.cobot_java_checker.rule.cobot_02_11.Cobot_02_11_04 mem :0M
cn.net.cobot.cobot_java_checker.rule.cobot_02_00.Cobot_02_00_07 cost :0s
cn.net.cobot.cobot_java_checker.rule.cobot_02_00.Cobot_02_00_07 mem :0M
cn.net.cobot.cobot_java_checker.rule.cobot_02_06.Cobot_02_06_06 cost :0s
cn.net.cobot.cobot_java_checker.rule.cobot_02_06.Cobot_02_06_06 mem :0M
cn.net.cobot.cobot_java_checker.rule.cobot_02_17.Cobot_02_17_00 cost :0s
cn.net.cobot.cobot_java_checker.rule.cobot_02_17.Cobot_02_17_00 mem :0M
cn.net.cobot.cobot_java_checker.rule.cobot_02_13.Cobot_02_13_01 cost :0s
cn.net.cobot.cobot_java_checker.rule.cobot_02_13.Cobot_02_13_01 mem :0M
cn.net.cobot.cobot_java_checker.rule.cobot_02_13.Cobot_02_13_15 cost :0s
cn.net.cobot.cobot_java_checker.rule.cobot_02_13.Cobot_02_13_15 mem :0M
cn.net.cobot.cobot_java_checker.rule.cobot_02_14.Cobot_02_14_06 cost :0s
cn.net.cobot.cobot_java_checker.rule.cobot_02_14.Cobot_02_14_06 mem :0M
cn.net.cobot.cobot_java_checker.rule.cobot_02_10.Cobot_02_10_02 cost :0s
cn.net.cobot.cobot_java_checker.rule.cobot_02_10.Cobot_02_10_02 mem :0M
cn.net.cobot.cobot_java_checker.rule.cobot_02_07.Cobot_02_07_08 cost :0s
cn.net.cobot.cobot_java_checker.rule.cobot_02_07.Cobot_02_07_08 mem :0M
cn.net.cobot.cobot_java_checker.rule.cobot_02_06.Cobot_02_06_03 cost :0s
cn.net.cobot.cobot_java_checker.rule.cobot_02_06.Cobot_02_06_03 mem :0M
cn.net.cobot.cobot_java_checker.rule.cobot_02_08.Cobot_02_08_00 cost :0s
cn.net.cobot.cobot_java_checker.rule.cobot_02_08.Cobot_02_08_00 mem :0M
cn.net.cobot.cobot_java_checker.rule.cobot_02_02.Cobot_02_02_00 cost :0s
cn.net.cobot.cobot_java_checker.rule.cobot_02_02.Cobot_02_02_00 mem :0M
cn.net.cobot.cobot_java_checker.rule.cobot_02_03.Cobot_02_03_02 cost :0s
cn.net.cobot.cobot_java_checker.rule.cobot_02_03.Cobot_02_03_02 mem :0M
cn.net.cobot.cobot_java_checker.rule.cobot_02_03.Cobot_02_03_04 cost :0s
cn.net.cobot.cobot_java_checker.rule.cobot_02_03.Cobot_02_03_04 mem :0M
cn.net.cobot.cobot_java_checker.rule.cobot_02_16.Cobot_02_16_03 cost :0s
cn.net.cobot.cobot_java_checker.rule.cobot_02_16.Cobot_02_16_03 mem :0M
cn.net.cobot.cobot_java_checker.rule.cobot_02_05.Cobot_02_05_01 cost :0s
cn.net.cobot.cobot_java_checker.rule.cobot_02_05.Cobot_02_05_01 mem :0M
cn.net.cobot.cobot_java_checker.rule.cobot_02_12.Cobot_02_12_02 cost :0s
cn.net.cobot.cobot_java_checker.rule.cobot_02_12.Cobot_02_12_02 mem :0M
cn.net.cobot.cobot_java_checker.rule.cobot_02_14.Cobot_02_14_08 cost :0s
cn.net.cobot.cobot_java_checker.rule.cobot_02_14.Cobot_02_14_08 mem :0M
cn.net.cobot.cobot_java_checker.rule.cobot_02_06.Cobot_02_06_09 cost :0s
cn.net.cobot.cobot_java_checker.rule.cobot_02_06.Cobot_02_06_09 mem :0M
cn.net.cobot.cobot_java_checker.rule.cobot_02_02.Cobot_02_02_07 cost :0s
cn.net.cobot.cobot_java_checker.rule.cobot_02_02.Cobot_02_02_07 mem :0M
cn.net.cobot.cobot_java_checker.rule.cobot_02_09.Cobot_02_09_01 cost :0s
cn.net.cobot.cobot_java_checker.rule.cobot_02_09.Cobot_02_09_01 mem :0M
cn.net.cobot.cobot_java_checker.rule.cobot_02_13.Cobot_02_13_14 cost :0s
cn.net.cobot.cobot_java_checker.rule.cobot_02_13.Cobot_02_13_14 mem :0M
cn.net.cobot.cobot_java_checker.rule.cobot_02_13.Cobot_02_13_05 cost :0s
cn.net.cobot.cobot_java_checker.rule.cobot_02_13.Cobot_02_13_05 mem :0M
cn.net.cobot.cobot_java_checker.rule.cobot_02_04.Cobot_02_04_02 cost :0s
cn.net.cobot.cobot_java_checker.rule.cobot_02_04.Cobot_02_04_02 mem :0M
cn.net.cobot.cobot_java_checker.rule.cobot_02_13.Cobot_02_13_06 cost :0s
cn.net.cobot.cobot_java_checker.rule.cobot_02_13.Cobot_02_13_06 mem :0M
cn.net.cobot.cobot_java_checker.rule.cobot_02_14.Cobot_02_14_11 cost :0s
cn.net.cobot.cobot_java_checker.rule.cobot_02_14.Cobot_02_14_11 mem :0M
cn.net.cobot.cobot_java_checker.rule.cobot_02_08.Cobot_02_08_02 cost :0s
cn.net.cobot.cobot_java_checker.rule.cobot_02_08.Cobot_02_08_02 mem :0M
cn.net.cobot.cobot_java_checker.rule.cobot_08_00.Cobot_08_00_01 cost :0s
cn.net.cobot.cobot_java_checker.rule.cobot_08_00.Cobot_08_00_01 mem :0M
cn.net.cobot.cobot_java_checker.rule.cobot_02_00.Cobot_02_00_11 cost :0s
cn.net.cobot.cobot_java_checker.rule.cobot_02_00.Cobot_02_00_11 mem :0M
cn.net.cobot.cobot_java_checker.rule.cobot_02_06.Cobot_02_06_05 cost :0s
cn.net.cobot.cobot_java_checker.rule.cobot_02_06.Cobot_02_06_05 mem :0M
cn.net.cobot.cobot_java_checker.rule.cobot_02_06.Cobot_02_06_10 cost :0s
cn.net.cobot.cobot_java_checker.rule.cobot_02_06.Cobot_02_06_10 mem :0M
cn.net.cobot.cobot_java_checker.rule.cobot_02_09.Cobot_02_09_09 cost :0s
cn.net.cobot.cobot_java_checker.rule.cobot_02_09.Cobot_02_09_09 mem :0M
cn.net.cobot.cobot_java_checker.rule.cobot_02_00.Cobot_02_00_14 cost :0s
cn.net.cobot.cobot_java_checker.rule.cobot_02_00.Cobot_02_00_14 mem :0M
cn.net.cobot.cobot_java_checker.rule.cobot_02_08.Cobot_02_08_04 cost :0s
cn.net.cobot.cobot_java_checker.rule.cobot_02_08.Cobot_02_08_04 mem :0M
cn.net.cobot.cobot_java_checker.rule.cobot_02_09.Cobot_02_09_02 cost :0s
cn.net.cobot.cobot_java_checker.rule.cobot_02_09.Cobot_02_09_02 mem :0M
cn.net.cobot.cobot_java_checker.rule.cobot_02_03.Cobot_02_03_01 cost :0s
cn.net.cobot.cobot_java_checker.rule.cobot_02_03.Cobot_02_03_01 mem :0M
cn.net.cobot.cobot_java_checker.rule.cobot_02_05.Cobot_02_05_03 cost :0s
cn.net.cobot.cobot_java_checker.rule.cobot_02_05.Cobot_02_05_03 mem :0M
cn.net.cobot.cobot_java_checker.rule.cobot_02_00.Cobot_02_00_16 cost :0s
cn.net.cobot.cobot_java_checker.rule.cobot_02_00.Cobot_02_00_16 mem :0M
cn.net.cobot.cobot_java_checker.rule.cobot_02_09.Cobot_02_09_06 cost :0s
cn.net.cobot.cobot_java_checker.rule.cobot_02_09.Cobot_02_09_06 mem :0M
cn.net.cobot.cobot_java_checker.rule.cobot_02_03.Cobot_02_03_14 cost :0s
cn.net.cobot.cobot_java_checker.rule.cobot_02_03.Cobot_02_03_14 mem :0M
cn.net.cobot.cobot_java_checker.rule.cobot_02_05.Cobot_02_05_10 cost :0s
cn.net.cobot.cobot_java_checker.rule.cobot_02_05.Cobot_02_05_10 mem :0M
cn.net.cobot.cobot_java_checker.rule.cobot_02_49.Cobot_02_49_07 cost :0s
cn.net.cobot.cobot_java_checker.rule.cobot_02_49.Cobot_02_49_07 mem :0M
cn.net.cobot.cobot_java_checker.rule.cobot_02_10.Cobot_02_10_01 cost :0s
cn.net.cobot.cobot_java_checker.rule.cobot_02_10.Cobot_02_10_01 mem :0M
cn.net.cobot.cobot_java_checker.rule.cobot_02_08.Cobot_02_08_05 cost :0s
cn.net.cobot.cobot_java_checker.rule.cobot_02_08.Cobot_02_08_05 mem :0M
cn.net.cobot.cobot_java_checker.rule.cobot_08_00.Cobot_08_00_00 cost :0s
cn.net.cobot.cobot_java_checker.rule.cobot_08_00.Cobot_08_00_00 mem :0M
cn.net.cobot.cobot_java_checker.rule.cobot_02_03.Cobot_02_03_08 cost :0s
cn.net.cobot.cobot_java_checker.rule.cobot_02_03.Cobot_02_03_08 mem :0M
cn.net.cobot.cobot_java_checker.rule.cobot_02_09.Cobot_02_09_08 cost :0s
cn.net.cobot.cobot_java_checker.rule.cobot_02_09.Cobot_02_09_08 mem :0M
cn.net.cobot.cobot_java_checker.rule.cobot_02_11.Cobot_02_11_03 cost :0s
cn.net.cobot.cobot_java_checker.rule.cobot_02_11.Cobot_02_11_03 mem :0M
cn.net.cobot.cobot_java_checker.rule.cobot_02_49.Cobot_02_49_03 cost :0s
cn.net.cobot.cobot_java_checker.rule.cobot_02_49.Cobot_02_49_03 mem :0M
cn.net.cobot.cobot_java_checker.rule.cobot_02_15.Cobot_02_15_00 cost :0s
cn.net.cobot.cobot_java_checker.rule.cobot_02_15.Cobot_02_15_00 mem :0M
cn.net.cobot.cobot_java_checker.rule.cobot_02_03.Cobot_02_03_12 cost :0s
cn.net.cobot.cobot_java_checker.rule.cobot_02_03.Cobot_02_03_12 mem :0M
cn.net.cobot.cobot_java_checker.rule.cobot_02_03.Cobot_02_03_09 cost :0s
cn.net.cobot.cobot_java_checker.rule.cobot_02_03.Cobot_02_03_09 mem :0M
cn.net.cobot.cobot_java_checker.rule.cobot_02_03.Cobot_02_03_11 cost :0s
cn.net.cobot.cobot_java_checker.rule.cobot_02_03.Cobot_02_03_11 mem :0M
cn.net.cobot.cobot_java_checker.rule.cobot_02_05.Cobot_02_05_13 cost :0s
cn.net.cobot.cobot_java_checker.rule.cobot_02_05.Cobot_02_05_13 mem :0M
cn.net.cobot.cobot_java_checker.rule.cobot_02_00.Cobot_02_00_01 cost :0s
cn.net.cobot.cobot_java_checker.rule.cobot_02_00.Cobot_02_00_01 mem :0M
cn.net.cobot.cobot_java_checker.rule.cobot_02_02.Cobot_02_02_04 cost :0s
cn.net.cobot.cobot_java_checker.rule.cobot_02_02.Cobot_02_02_04 mem :0M
cn.net.cobot.cobot_java_checker.rule.cobot_02_11.Cobot_02_11_01 cost :0s
cn.net.cobot.cobot_java_checker.rule.cobot_02_11.Cobot_02_11_01 mem :0M
cn.net.cobot.cobot_java_checker.rule.cobot_02_00.Cobot_02_00_00 cost :0s
cn.net.cobot.cobot_java_checker.rule.cobot_02_00.Cobot_02_00_00 mem :0M
cn.net.cobot.cobot_java_checker.rule.cobot_02_06.Cobot_02_06_01 cost :0s
cn.net.cobot.cobot_java_checker.rule.cobot_02_06.Cobot_02_06_01 mem :0M
cn.net.cobot.cobot_java_checker.rule.cobot_02_05.Cobot_02_05_08 cost :0s
cn.net.cobot.cobot_java_checker.rule.cobot_02_05.Cobot_02_05_08 mem :0M
cn.net.cobot.cobot_java_checker.rule.cobot_02_13.Cobot_02_13_04 cost :0s
cn.net.cobot.cobot_java_checker.rule.cobot_02_13.Cobot_02_13_04 mem :0M
cn.net.cobot.cobot_java_checker.rule.cobot_02_12.Cobot_02_12_00 cost :0s
cn.net.cobot.cobot_java_checker.rule.cobot_02_12.Cobot_02_12_00 mem :0M
cn.net.cobot.cobot_java_checker.rule.cobot_02_02.Cobot_02_02_01 cost :0s
cn.net.cobot.cobot_java_checker.rule.cobot_02_02.Cobot_02_02_01 mem :0M
cn.net.cobot.cobot_java_checker.rule.cobot_02_10.Cobot_02_10_03 cost :0s
cn.net.cobot.cobot_java_checker.rule.cobot_02_10.Cobot_02_10_03 mem :0M
cn.net.cobot.cobot_java_checker.rule.cobot_08_00.Cobot_08_00_02 cost :0s
cn.net.cobot.cobot_java_checker.rule.cobot_08_00.Cobot_08_00_02 mem :0M
cn.net.cobot.cobot_java_checker.rule.cobot_02_49.Cobot_02_49_05 cost :0s
cn.net.cobot.cobot_java_checker.rule.cobot_02_49.Cobot_02_49_05 mem :0M
cn.net.cobot.cobot_java_checker.rule.cobot_02_00.Cobot_02_00_17 cost :0s
cn.net.cobot.cobot_java_checker.rule.cobot_02_00.Cobot_02_00_17 mem :0M
cn.net.cobot.cobot_java_checker.rule.cobot_02_12.Cobot_02_12_01 cost :0s
cn.net.cobot.cobot_java_checker.rule.cobot_02_12.Cobot_02_12_01 mem :0M
cn.net.cobot.cobot_java_checker.rule.cobot_02_06.Cobot_02_06_07 cost :0s
cn.net.cobot.cobot_java_checker.rule.cobot_02_06.Cobot_02_06_07 mem :0M
cn.net.cobot.cobot_java_checker.rule.cobot_02_06.Cobot_02_06_08 cost :0s
cn.net.cobot.cobot_java_checker.rule.cobot_02_06.Cobot_02_06_08 mem :0M
cn.net.cobot.cobot_java_checker.rule.cobot_02_14.Cobot_02_14_00 cost :0s
cn.net.cobot.cobot_java_checker.rule.cobot_02_14.Cobot_02_14_00 mem :0M
cn.net.cobot.cobot_java_checker.rule.cobot_02_07.Cobot_02_07_05 cost :0s
cn.net.cobot.cobot_java_checker.rule.cobot_02_07.Cobot_02_07_05 mem :0M
cn.net.cobot.cobot_java_checker.rule.cobot_02_05.Cobot_02_05_09 cost :0s
cn.net.cobot.cobot_java_checker.rule.cobot_02_05.Cobot_02_05_09 mem :0M
cn.net.cobot.cobot_java_checker.rule.cobot_02_00.Cobot_02_00_08 cost :0s
cn.net.cobot.cobot_java_checker.rule.cobot_02_00.Cobot_02_00_08 mem :0M
cn.net.cobot.cobot_java_checker.rule.cobot_02_14.Cobot_02_14_12 cost :0s
cn.net.cobot.cobot_java_checker.rule.cobot_02_14.Cobot_02_14_12 mem :0M
cn.net.cobot.cobot_java_checker.rule.cobot_02_49.Cobot_02_49_11 cost :0s
cn.net.cobot.cobot_java_checker.rule.cobot_02_49.Cobot_02_49_11 mem :0M
cn.net.cobot.cobot_java_checker.rule.cobot_02_06.Cobot_02_06_04 cost :0s
cn.net.cobot.cobot_java_checker.rule.cobot_02_06.Cobot_02_06_04 mem :0M
cn.net.cobot.cobot_java_checker.rule.cobot_02_00.Cobot_02_00_03 cost :0s
cn.net.cobot.cobot_java_checker.rule.cobot_02_00.Cobot_02_00_03 mem :0M
cn.net.cobot.cobot_java_checker.rule.cobot_02_02.Cobot_02_02_06 cost :0s
cn.net.cobot.cobot_java_checker.rule.cobot_02_02.Cobot_02_02_06 mem :0M
=====================================================
findbugs: 3ms, 0.01%
pmd: 0ms, 0.00%
cpd: 0ms, 0.00%
xmlpassworddetector: 0ms, 0.00%
cobotChecker: 37321ms, 99.99%
=====================================================
项目javacert0602总花费：37.591秒


javacert0602:checker检测完成
HHH000038: Composite-id class does not override equals(): cn.net.cobot.cobot_persistence.entity.validateResultModel.KeyRuleLevel
HHH000039: Composite-id class does not override hashCode(): cn.net.cobot.cobot_persistence.entity.validateResultModel.KeyRuleLevel
HHH000402: Using Hibernate built-in connection pool (not for production use!)
HHH000115: Hibernate connection pool size: 30
HHH000006: Autocommit mode: false
HHH000401: using driver [org.sqlite.JDBC] at URL [jdbc:sqlite:/home/cobot/cobot/3.9/CoBOT-Client-528-linux//result/63c0421e-c3e6-4369-9e7a-ad0ef703776f.db]
HHH000046: Connection properties: {}
HHH000400: Using dialect: cn.net.cobot.cobot_persistence.dao.hibernate4.SQLiteDialect
HHH000423: Disabling contextual LOB creation as JDBC driver reported JDBC version [2] less than 4
HHH000399: Using default transaction strategy (direct JDBC transactions)
HHH000397: Using ASTQueryTranslatorFactory
HHH000250: Starting update timestamps cache at region: org.hibernate.cache.spi.UpdateTimestampsCache
HHH020003: Could not find a specific ehcache configuration for cache named [org.hibernate.cache.spi.UpdateTimestampsCache]; using defaults.
HHH000248: Starting query cache at region: org.hibernate.cache.internal.StandardQueryCache
HHH020003: Could not find a specific ehcache configuration for cache named [org.hibernate.cache.internal.StandardQueryCache]; using defaults.
changeGroupLevel: 52ms
HHH000038: Composite-id class does not override equals(): cn.net.cobot.cobot_persistence.entity.validateResultModel.KeyRuleLevel
HHH000039: Composite-id class does not override hashCode(): cn.net.cobot.cobot_persistence.entity.validateResultModel.KeyRuleLevel
HHH000402: Using Hibernate built-in connection pool (not for production use!)
HHH000115: Hibernate connection pool size: 30
HHH000006: Autocommit mode: false
HHH000401: using driver [org.sqlite.JDBC] at URL [jdbc:sqlite:/home/cobot/cobot/3.9/CoBOT-Client-528-linux//result/30e97327-5b0d-4d50-9f36-d8830f2c0efa.db]
HHH000046: Connection properties: {}
HHH000400: Using dialect: cn.net.cobot.cobot_persistence.dao.hibernate4.SQLiteDialect
HHH000423: Disabling contextual LOB creation as JDBC driver reported JDBC version [2] less than 4
HHH000399: Using default transaction strategy (direct JDBC transactions)
HHH000397: Using ASTQueryTranslatorFactory
HHH000233: Scoping types to session factory org.hibernate.internal.SessionFactoryImpl@42a81d63 after already scoped org.hibernate.internal.SessionFactoryImpl@4e07c27a
HHH000250: Starting update timestamps cache at region: org.hibernate.cache.spi.UpdateTimestampsCache
HHH020003: Could not find a specific ehcache configuration for cache named [org.hibernate.cache.spi.UpdateTimestampsCache]; using defaults.
HHH000248: Starting query cache at region: org.hibernate.cache.internal.StandardQueryCache
HHH020003: Could not find a specific ehcache configuration for cache named [org.hibernate.cache.internal.StandardQueryCache]; using defaults.
saveRule: 92ms
save rule is success!
总检测时间：44秒
trystopCheckerStatusMonitor:bd2e9017-19af-4b12-8493-41af043ec05c
Shutting down 'serviceProxoolDataSource' pool immediately [Shutdown Hook]
Stopping Prototyper thread
Stopping HouseKeeper thread
